2024-06-17 04:22:15,556 DEBUG [root]: found "178" html file(s)
2024-06-17 04:22:15,815 DEBUG [root]: removing '<link href="stylesheet.css" rel="stylesheet" title="Style" type="text/css"/>' (../public/stylesheet.css) -> failed to open file!
2024-06-17 04:22:15,939 DEBUG [root]: Overview, Code documentation for <a href=
2024-06-17 04:22:15,975 DEBUG [root]: Overview, Code documentation for <a href=,
2024-06-17 04:22:33,528 DEBUG [root]: found 5 css files
2024-06-17 04:22:33,528 DEBUG [root]: found 15 js files
2024-06-17 04:22:33,528 DEBUG [root]: found 180 html files
2024-06-17 04:22:33,664 DEBUG [root]: processing '../public/javadoc-styles.css' ...
2024-06-17 04:22:33,763 DEBUG [root]: failed to find 'a[name]' in html and js files
2024-06-17 04:22:33,771 DEBUG [root]: failed to find 'a[name]' in html and js files
2024-06-17 04:22:33,785 DEBUG [root]: failed to find 'dt code' in html and js files
2024-06-17 04:22:33,789 DEBUG [root]: failed to find 'table tr td dt code' in html and js files
2024-06-17 04:22:33,793 DEBUG [root]: failed to find 'table tr td dl' in html and js files
2024-06-17 04:22:33,797 DEBUG [root]: failed to find 'table tr td dl dt' in html and js files
2024-06-17 04:22:33,801 DEBUG [root]: failed to find 'table tr td dl dd' in html and js files
2024-06-17 04:22:33,818 DEBUG [root]: failed to find '.bar a' in html and js files
2024-06-17 04:22:33,825 DEBUG [root]: failed to find '.bar a' in html and js files
2024-06-17 04:22:33,832 DEBUG [root]: failed to find '.bar a' in html and js files
2024-06-17 04:22:33,840 DEBUG [root]: failed to find '.bar a' in html and js files
2024-06-17 04:22:33,848 DEBUG [root]: failed to find '.bar a' in html and js files
2024-06-17 04:22:33,855 DEBUG [root]: failed to find '.bar a' in html and js files
2024-06-17 04:22:33,871 DEBUG [root]: failed to find '.footer' in html and js files
2024-06-17 04:22:33,878 DEBUG [root]: failed to find '.footer ul' in html and js files
2024-06-17 04:22:33,885 DEBUG [root]: failed to find '.footer ul li' in html and js files
2024-06-17 04:22:33,892 DEBUG [root]: failed to find '.indexHeader' in html and js files
2024-06-17 04:22:33,900 DEBUG [root]: failed to find '.indexHeader h1' in html and js files
2024-06-17 04:22:33,907 DEBUG [root]: failed to find 'div.details ul.blocklist ul.blocklist ul.blocklist li.blocklist h4' in html and js files
2024-06-17 04:22:33,913 DEBUG [root]: failed to find 'div.details ul.blocklist ul.blocklist ul.blockListLast li.blocklist h4' in html and js files
2024-06-17 04:22:33,921 DEBUG [root]: failed to find 'ul.blockList ul.blocklist ul.blocklist li.blocklist' in html and js files
2024-06-17 04:22:33,928 DEBUG [root]: failed to find 'ul.blockList ul.blocklist ul.blocklist li.blocklist h3' in html and js files
2024-06-17 04:22:33,935 DEBUG [root]: failed to find 'ul.blockList ul.blocklist ul.blocklist ul.blockList li.blocklist' in html and js files
2024-06-17 04:22:33,943 DEBUG [root]: failed to find 'ul.blockList ul.blocklist ul.blocklist ul.blockList li.blockListLast' in html and js files
2024-06-17 04:22:33,951 DEBUG [root]: failed to find 'ul.blockList ul.blocklist li.blockList' in html and js files
2024-06-17 04:22:33,958 DEBUG [root]: failed to find 'ul.blockList ul.blocklist li.blockList h3' in html and js files
2024-06-17 04:22:33,965 DEBUG [root]: failed to find 'ul.blockList ul.blocklist li.blockList table' in html and js files
2024-06-17 04:22:33,973 DEBUG [root]: failed to find 'ul.blockList ul.blocklist ul.blockListLast li.blocklist' in html and js files
2024-06-17 04:22:33,981 DEBUG [root]: failed to find 'ul.blockList ul.blockListLast li.blocklist' in html and js files
2024-06-17 04:22:33,988 DEBUG [root]: failed to find '.classUseContainer' in html and js files
2024-06-17 04:22:33,998 DEBUG [root]: failed to find '.indexContainer h2' in html and js files
2024-06-17 04:22:34,011 DEBUG [root]: failed to find '.contentContainer .description table' in html and js files
2024-06-17 04:22:34,022 DEBUG [root]: failed to find '.contentContainer .details table' in html and js files
2024-06-17 04:22:34,031 DEBUG [root]: failed to find 'ul.blockListLast li.blocklist' in html and js files
2024-06-17 04:22:34,038 DEBUG [root]: failed to find '.classUseContainer table' in html and js files
2024-06-17 04:22:34,045 DEBUG [root]: failed to find '.classUseContainer ul li table' in html and js files
2024-06-17 04:22:34,053 DEBUG [root]: failed to find '.classUseContainer ul li table td' in html and js files
2024-06-17 04:22:34,060 DEBUG [root]: failed to find '.classUseContainer ul li table th' in html and js files
2024-06-17 04:22:34,068 DEBUG [root]: failed to find '.classUseContainer ul li table td.colLast' in html and js files
2024-06-17 04:22:34,075 DEBUG [root]: failed to find '.classUseContainer ul li table td.colOne' in html and js files
2024-06-17 04:22:34,081 DEBUG [root]: failed to find '.classUseContainer ul li table th.colLast' in html and js files
2024-06-17 04:22:34,088 DEBUG [root]: failed to find '.classUseContainer ul li table th.colOne' in html and js files
2024-06-17 04:22:34,096 DEBUG [root]: failed to find '.classUseContainer caption' in html and js files
2024-06-17 04:22:34,103 DEBUG [root]: failed to find '.classUseContainer caption span' in html and js files
2024-06-17 04:22:34,111 DEBUG [root]: failed to find '.classUseContainer .tabEnd' in html and js files
2024-06-17 04:22:34,118 DEBUG [root]: failed to find '.tableSubHeadingColor' in html and js files
2024-06-17 04:22:34,125 DEBUG [root]: failed to find '.classUseContainer td' in html and js files
2024-06-17 04:22:34,134 DEBUG [root]: failed to find 'td.colSecond' in html and js files
2024-06-17 04:22:34,140 DEBUG [root]: failed to find 'td.colOne' in html and js files
2024-06-17 04:22:34,146 DEBUG [root]: failed to find 'th.colOne' in html and js files
2024-06-17 04:22:34,151 DEBUG [root]: failed to find 'table.overviewSummary th.colfirst' in html and js files
2024-06-17 04:22:34,155 DEBUG [root]: failed to find 'table.overviewSummary td.colFirst' in html and js files
2024-06-17 04:22:34,159 DEBUG [root]: failed to find 'table.overviewSummary td.colOne' in html and js files
2024-06-17 04:22:34,164 DEBUG [root]: failed to find 'table.packageSummary td.colfirst' in html and js files
2024-06-17 04:22:34,172 DEBUG [root]: failed to find '.deprecatedContent' in html and js files
2024-06-17 04:22:34,180 DEBUG [root]: failed to find '.docSummary' in html and js files
2024-06-17 04:22:34,187 DEBUG [root]: failed to find '.sourceLineNo' in html and js files
2024-06-17 04:22:34,191 DEBUG [root]: failed to find 'h1.hidden' in html and js files
2024-06-17 04:22:34,231 DEBUG [root]: processing '../public/jquery/jquery-ui.structure.min.css' ...
2024-06-17 04:22:34,263 DEBUG [root]: failed to find '.ui-helper-reset' in html and js files
2024-06-17 04:22:34,270 DEBUG [root]: failed to find '.ui-helper-clearfix' in html and js files
2024-06-17 04:22:34,277 DEBUG [root]: failed to find '.ui-helper-clearfix' in html and js files
2024-06-17 04:22:34,284 DEBUG [root]: failed to find '.ui-helper-clearfix' in html and js files
2024-06-17 04:22:34,291 DEBUG [root]: failed to find '.ui-helper-zfix' in html and js files
2024-06-17 04:22:34,318 DEBUG [root]: failed to find '.ui-widget-icon-block' in html and js files
2024-06-17 04:22:34,324 DEBUG [root]: failed to find '.ui-widget-overlay' in html and js files
2024-06-17 04:22:34,344 DEBUG [root]: failed to find '.ui-menu .ui-menu' in html and js files
2024-06-17 04:22:34,351 DEBUG [root]: failed to find '.ui-menu .ui-menu-item' in html and js files
2024-06-17 04:22:34,358 DEBUG [root]: failed to find '.ui-menu .ui-menu-item-wrapper' in html and js files
2024-06-17 04:22:34,365 DEBUG [root]: failed to find '.ui-menu .ui-menu-divider' in html and js files
2024-06-17 04:22:34,372 DEBUG [root]: failed to find '.ui-menu .ui-state-focus' in html and js files
2024-06-17 04:22:34,379 DEBUG [root]: failed to find '.ui-menu .ui-state-active' in html and js files
2024-06-17 04:22:34,392 DEBUG [root]: failed to find '.ui-menu-icons .ui-menu-item-wrapper' in html and js files
2024-06-17 04:22:34,400 DEBUG [root]: failed to find '.ui-menu .ui-icon' in html and js files
2024-06-17 04:22:34,407 DEBUG [root]: failed to find '.ui-menu .ui-menu-icon' in html and js files
2024-06-17 04:22:34,410 DEBUG [root]: processing '../public/jquery/jquery-ui.css' ...
2024-06-17 04:22:34,508 DEBUG [root]: failed to find '.ui-helper-reset' in html and js files
2024-06-17 04:22:34,515 DEBUG [root]: failed to find '.ui-helper-clearfix' in html and js files
2024-06-17 04:22:34,522 DEBUG [root]: failed to find '.ui-helper-clearfix' in html and js files
2024-06-17 04:22:34,528 DEBUG [root]: failed to find '.ui-helper-clearfix' in html and js files
2024-06-17 04:22:34,535 DEBUG [root]: failed to find '.ui-helper-zfix' in html and js files
2024-06-17 04:22:34,560 DEBUG [root]: failed to find '.ui-widget-icon-block' in html and js files
2024-06-17 04:22:34,566 DEBUG [root]: failed to find '.ui-widget-overlay' in html and js files
2024-06-17 04:22:34,585 DEBUG [root]: failed to find '.ui-menu .ui-menu' in html and js files
2024-06-17 04:22:34,591 DEBUG [root]: failed to find '.ui-menu .ui-menu-item' in html and js files
2024-06-17 04:22:34,598 DEBUG [root]: failed to find '.ui-menu .ui-menu-item-wrapper' in html and js files
2024-06-17 04:22:34,604 DEBUG [root]: failed to find '.ui-menu .ui-menu-divider' in html and js files
2024-06-17 04:22:34,611 DEBUG [root]: failed to find '.ui-menu .ui-state-focus' in html and js files
2024-06-17 04:22:34,618 DEBUG [root]: failed to find '.ui-menu .ui-state-active' in html and js files
2024-06-17 04:22:34,631 DEBUG [root]: failed to find '.ui-menu-icons .ui-menu-item-wrapper' in html and js files
2024-06-17 04:22:34,638 DEBUG [root]: failed to find '.ui-menu .ui-icon' in html and js files
2024-06-17 04:22:34,645 DEBUG [root]: failed to find '.ui-menu .ui-menu-icon' in html and js files
2024-06-17 04:22:34,658 DEBUG [root]: failed to find '.ui-widget .ui-widget' in html and js files
2024-06-17 04:22:34,665 DEBUG [root]: failed to find '.ui-widget input' in html and js files
2024-06-17 04:22:34,672 DEBUG [root]: failed to find '.ui-widget select' in html and js files
2024-06-17 04:22:34,679 DEBUG [root]: failed to find '.ui-widget textarea' in html and js files
2024-06-17 04:22:34,686 DEBUG [root]: failed to find '.ui-widget button' in html and js files
2024-06-17 04:22:34,694 DEBUG [root]: failed to find '.ui-widget.ui-widget-content' in html and js files
2024-06-17 04:22:34,707 DEBUG [root]: failed to find '.ui-widget-content a' in html and js files
2024-06-17 04:22:34,714 DEBUG [root]: failed to find '.ui-widget-header' in html and js files
2024-06-17 04:22:34,721 DEBUG [root]: failed to find '.ui-widget-header a' in html and js files
2024-06-17 04:22:34,728 DEBUG [root]: failed to find '.ui-state-default' in html and js files
2024-06-17 04:22:34,737 DEBUG [root]: failed to find '.ui-widget-content .ui-state-default' in html and js files
2024-06-17 04:22:34,743 DEBUG [root]: failed to find '.ui-widget-header .ui-state-default' in html and js files
2024-06-17 04:22:34,751 DEBUG [root]: failed to find '.ui-button' in html and js files
2024-06-17 04:22:34,758 DEBUG [root]: failed to find '/* We use html here because we need a greater specificity to make sure disabled
works properly when clicked or hovered */html .ui-button.ui-state-disabled' in html and js files
2024-06-17 04:22:34,765 DEBUG [root]: failed to find 'html .ui-button.ui-state-disabled' in html and js files
2024-06-17 04:22:34,772 DEBUG [root]: failed to find '.ui-state-default a' in html and js files
2024-06-17 04:22:34,778 DEBUG [root]: failed to find '.ui-state-default a' in html and js files
2024-06-17 04:22:34,785 DEBUG [root]: failed to find '.ui-state-default a' in html and js files
2024-06-17 04:22:34,792 DEBUG [root]: failed to find 'a.ui-button' in html and js files
2024-06-17 04:22:34,806 DEBUG [root]: failed to find '.ui-state-hover a' in html and js files
2024-06-17 04:22:34,813 DEBUG [root]: failed to find '.ui-state-hover a' in html and js files
2024-06-17 04:22:34,820 DEBUG [root]: failed to find '.ui-state-hover a' in html and js files
2024-06-17 04:22:34,827 DEBUG [root]: failed to find '.ui-state-hover a' in html and js files
2024-06-17 04:22:34,834 DEBUG [root]: failed to find '.ui-state-focus a' in html and js files
2024-06-17 04:22:34,841 DEBUG [root]: failed to find '.ui-state-focus a' in html and js files
2024-06-17 04:22:34,847 DEBUG [root]: failed to find '.ui-state-focus a' in html and js files
2024-06-17 04:22:34,854 DEBUG [root]: failed to find '.ui-state-focus a' in html and js files
2024-06-17 04:22:34,860 DEBUG [root]: failed to find 'a.ui-button' in html and js files
2024-06-17 04:22:34,867 DEBUG [root]: failed to find 'a.ui-button' in html and js files
2024-06-17 04:22:34,873 DEBUG [root]: failed to find '.ui-visual-focus' in html and js files
2024-06-17 04:22:34,885 DEBUG [root]: failed to find '.ui-icon-background' in html and js files
2024-06-17 04:22:34,892 DEBUG [root]: failed to find '.ui-state-active .ui-icon-background' in html and js files
2024-06-17 04:22:34,898 DEBUG [root]: failed to find '.ui-state-active a' in html and js files
2024-06-17 04:22:34,907 DEBUG [root]: failed to find '.ui-state-active a' in html and js files
2024-06-17 04:22:34,914 DEBUG [root]: failed to find '.ui-state-active a' in html and js files
2024-06-17 04:22:34,923 DEBUG [root]: failed to find '.ui-state-highlight' in html and js files
2024-06-17 04:22:34,930 DEBUG [root]: failed to find '.ui-widget-content .ui-state-highlight' in html and js files
2024-06-17 04:22:34,938 DEBUG [root]: failed to find '.ui-widget-header .ui-state-highlight' in html and js files
2024-06-17 04:22:34,945 DEBUG [root]: failed to find '.ui-state-checked' in html and js files
2024-06-17 04:22:34,952 DEBUG [root]: failed to find '.ui-state-highlight a' in html and js files
2024-06-17 04:22:34,960 DEBUG [root]: failed to find '.ui-widget-content .ui-state-highlight a' in html and js files
2024-06-17 04:22:34,967 DEBUG [root]: failed to find '.ui-widget-header .ui-state-highlight a' in html and js files
2024-06-17 04:22:34,975 DEBUG [root]: failed to find '.ui-state-error' in html and js files
2024-06-17 04:22:34,983 DEBUG [root]: failed to find '.ui-widget-content .ui-state-error' in html and js files
2024-06-17 04:22:34,990 DEBUG [root]: failed to find '.ui-widget-header .ui-state-error' in html and js files
2024-06-17 04:22:34,998 DEBUG [root]: failed to find '.ui-state-error a' in html and js files
2024-06-17 04:22:35,005 DEBUG [root]: failed to find '.ui-widget-content .ui-state-error a' in html and js files
2024-06-17 04:22:35,013 DEBUG [root]: failed to find '.ui-widget-header .ui-state-error a' in html and js files
2024-06-17 04:22:35,020 DEBUG [root]: failed to find '.ui-state-error-text' in html and js files
2024-06-17 04:22:35,027 DEBUG [root]: failed to find '.ui-widget-content .ui-state-error-text' in html and js files
2024-06-17 04:22:35,034 DEBUG [root]: failed to find '.ui-widget-header .ui-state-error-text' in html and js files
2024-06-17 04:22:35,041 DEBUG [root]: failed to find '.ui-priority-primary' in html and js files
2024-06-17 04:22:35,048 DEBUG [root]: failed to find '.ui-widget-content .ui-priority-primary' in html and js files
2024-06-17 04:22:35,055 DEBUG [root]: failed to find '.ui-widget-header .ui-priority-primary' in html and js files
2024-06-17 04:22:35,063 DEBUG [root]: failed to find '.ui-priority-secondary' in html and js files
2024-06-17 04:22:35,070 DEBUG [root]: failed to find '.ui-widget-content .ui-priority-secondary' in html and js files
2024-06-17 04:22:35,077 DEBUG [root]: failed to find '.ui-widget-header .ui-priority-secondary' in html and js files
2024-06-17 04:22:35,091 DEBUG [root]: failed to find '.ui-state-disabled .ui-icon' in html and js files
2024-06-17 04:22:35,112 DEBUG [root]: failed to find '.ui-widget-header .ui-icon' in html and js files
2024-06-17 04:22:35,120 DEBUG [root]: failed to find '.ui-state-hover .ui-icon' in html and js files
2024-06-17 04:22:35,127 DEBUG [root]: failed to find '.ui-state-focus .ui-icon' in html and js files
2024-06-17 04:22:35,135 DEBUG [root]: failed to find '.ui-button' in html and js files
2024-06-17 04:22:35,142 DEBUG [root]: failed to find '.ui-button' in html and js files
2024-06-17 04:22:35,150 DEBUG [root]: failed to find '.ui-state-active .ui-icon' in html and js files
2024-06-17 04:22:35,157 DEBUG [root]: failed to find '.ui-button' in html and js files
2024-06-17 04:22:35,165 DEBUG [root]: failed to find '.ui-state-highlight .ui-icon' in html and js files
2024-06-17 04:22:35,172 DEBUG [root]: failed to find '.ui-button .ui-state-highlight.ui-icon' in html and js files
2024-06-17 04:22:35,180 DEBUG [root]: failed to find '.ui-state-error .ui-icon' in html and js files
2024-06-17 04:22:35,187 DEBUG [root]: failed to find '.ui-state-error-text .ui-icon' in html and js files
2024-06-17 04:22:35,194 DEBUG [root]: failed to find '.ui-button .ui-icon' in html and js files
2024-06-17 04:22:35,202 DEBUG [root]: failed to find '.ui-icon-blank' in html and js files
2024-06-17 04:22:35,210 DEBUG [root]: failed to find '.ui-icon-caret-1-n' in html and js files
2024-06-17 04:22:35,217 DEBUG [root]: failed to find '.ui-icon-caret-1-ne' in html and js files
2024-06-17 04:22:35,231 DEBUG [root]: failed to find '.ui-icon-caret-1-se' in html and js files
2024-06-17 04:22:35,238 DEBUG [root]: failed to find '.ui-icon-caret-1-s' in html and js files
2024-06-17 04:22:35,247 DEBUG [root]: failed to find '.ui-icon-caret-1-sw' in html and js files
2024-06-17 04:22:35,254 DEBUG [root]: failed to find '.ui-icon-caret-1-w' in html and js files
2024-06-17 04:22:35,262 DEBUG [root]: failed to find '.ui-icon-caret-1-nw' in html and js files
2024-06-17 04:22:35,269 DEBUG [root]: failed to find '.ui-icon-caret-2-n-s' in html and js files
2024-06-17 04:22:35,276 DEBUG [root]: failed to find '.ui-icon-caret-2-e-w' in html and js files
2024-06-17 04:22:35,283 DEBUG [root]: failed to find '.ui-icon-triangle-1-n' in html and js files
2024-06-17 04:22:35,290 DEBUG [root]: failed to find '.ui-icon-triangle-1-ne' in html and js files
2024-06-17 04:22:35,297 DEBUG [root]: failed to find '.ui-icon-triangle-1-e' in html and js files
2024-06-17 04:22:35,305 DEBUG [root]: failed to find '.ui-icon-triangle-1-se' in html and js files
2024-06-17 04:22:35,313 DEBUG [root]: failed to find '.ui-icon-triangle-1-s' in html and js files
2024-06-17 04:22:35,320 DEBUG [root]: failed to find '.ui-icon-triangle-1-sw' in html and js files
2024-06-17 04:22:35,327 DEBUG [root]: failed to find '.ui-icon-triangle-1-w' in html and js files
2024-06-17 04:22:35,334 DEBUG [root]: failed to find '.ui-icon-triangle-1-nw' in html and js files
2024-06-17 04:22:35,341 DEBUG [root]: failed to find '.ui-icon-triangle-2-n-s' in html and js files
2024-06-17 04:22:35,348 DEBUG [root]: failed to find '.ui-icon-triangle-2-e-w' in html and js files
2024-06-17 04:22:35,355 DEBUG [root]: failed to find '.ui-icon-arrow-1-n' in html and js files
2024-06-17 04:22:35,362 DEBUG [root]: failed to find '.ui-icon-arrow-1-ne' in html and js files
2024-06-17 04:22:35,369 DEBUG [root]: failed to find '.ui-icon-arrow-1-e' in html and js files
2024-06-17 04:22:35,375 DEBUG [root]: failed to find '.ui-icon-arrow-1-se' in html and js files
2024-06-17 04:22:35,382 DEBUG [root]: failed to find '.ui-icon-arrow-1-s' in html and js files
2024-06-17 04:22:35,388 DEBUG [root]: failed to find '.ui-icon-arrow-1-sw' in html and js files
2024-06-17 04:22:35,395 DEBUG [root]: failed to find '.ui-icon-arrow-1-w' in html and js files
2024-06-17 04:22:35,401 DEBUG [root]: failed to find '.ui-icon-arrow-1-nw' in html and js files
2024-06-17 04:22:35,408 DEBUG [root]: failed to find '.ui-icon-arrow-2-n-s' in html and js files
2024-06-17 04:22:35,414 DEBUG [root]: failed to find '.ui-icon-arrow-2-ne-sw' in html and js files
2024-06-17 04:22:35,421 DEBUG [root]: failed to find '.ui-icon-arrow-2-e-w' in html and js files
2024-06-17 04:22:35,427 DEBUG [root]: failed to find '.ui-icon-arrow-2-se-nw' in html and js files
2024-06-17 04:22:35,434 DEBUG [root]: failed to find '.ui-icon-arrowstop-1-n' in html and js files
2024-06-17 04:22:35,443 DEBUG [root]: failed to find '.ui-icon-arrowstop-1-e' in html and js files
2024-06-17 04:22:35,450 DEBUG [root]: failed to find '.ui-icon-arrowstop-1-s' in html and js files
2024-06-17 04:22:35,457 DEBUG [root]: failed to find '.ui-icon-arrowstop-1-w' in html and js files
2024-06-17 04:22:35,464 DEBUG [root]: failed to find '.ui-icon-arrowthick-1-n' in html and js files
2024-06-17 04:22:35,471 DEBUG [root]: failed to find '.ui-icon-arrowthick-1-ne' in html and js files
2024-06-17 04:22:35,478 DEBUG [root]: failed to find '.ui-icon-arrowthick-1-e' in html and js files
2024-06-17 04:22:35,485 DEBUG [root]: failed to find '.ui-icon-arrowthick-1-se' in html and js files
2024-06-17 04:22:35,492 DEBUG [root]: failed to find '.ui-icon-arrowthick-1-s' in html and js files
2024-06-17 04:22:35,499 DEBUG [root]: failed to find '.ui-icon-arrowthick-1-sw' in html and js files
2024-06-17 04:22:35,506 DEBUG [root]: failed to find '.ui-icon-arrowthick-1-w' in html and js files
2024-06-17 04:22:35,512 DEBUG [root]: failed to find '.ui-icon-arrowthick-1-nw' in html and js files
2024-06-17 04:22:35,519 DEBUG [root]: failed to find '.ui-icon-arrowthick-2-n-s' in html and js files
2024-06-17 04:22:35,526 DEBUG [root]: failed to find '.ui-icon-arrowthick-2-ne-sw' in html and js files
2024-06-17 04:22:35,533 DEBUG [root]: failed to find '.ui-icon-arrowthick-2-e-w' in html and js files
2024-06-17 04:22:35,539 DEBUG [root]: failed to find '.ui-icon-arrowthick-2-se-nw' in html and js files
2024-06-17 04:22:35,546 DEBUG [root]: failed to find '.ui-icon-arrowthickstop-1-n' in html and js files
2024-06-17 04:22:35,553 DEBUG [root]: failed to find '.ui-icon-arrowthickstop-1-e' in html and js files
2024-06-17 04:22:35,559 DEBUG [root]: failed to find '.ui-icon-arrowthickstop-1-s' in html and js files
2024-06-17 04:22:35,566 DEBUG [root]: failed to find '.ui-icon-arrowthickstop-1-w' in html and js files
2024-06-17 04:22:35,572 DEBUG [root]: failed to find '.ui-icon-arrowreturnthick-1-w' in html and js files
2024-06-17 04:22:35,579 DEBUG [root]: failed to find '.ui-icon-arrowreturnthick-1-n' in html and js files
2024-06-17 04:22:35,587 DEBUG [root]: failed to find '.ui-icon-arrowreturnthick-1-e' in html and js files
2024-06-17 04:22:35,594 DEBUG [root]: failed to find '.ui-icon-arrowreturnthick-1-s' in html and js files
2024-06-17 04:22:35,601 DEBUG [root]: failed to find '.ui-icon-arrowreturn-1-w' in html and js files
2024-06-17 04:22:35,608 DEBUG [root]: failed to find '.ui-icon-arrowreturn-1-n' in html and js files
2024-06-17 04:22:35,615 DEBUG [root]: failed to find '.ui-icon-arrowreturn-1-e' in html and js files
2024-06-17 04:22:35,622 DEBUG [root]: failed to find '.ui-icon-arrowreturn-1-s' in html and js files
2024-06-17 04:22:35,629 DEBUG [root]: failed to find '.ui-icon-arrowrefresh-1-w' in html and js files
2024-06-17 04:22:35,635 DEBUG [root]: failed to find '.ui-icon-arrowrefresh-1-n' in html and js files
2024-06-17 04:22:35,642 DEBUG [root]: failed to find '.ui-icon-arrowrefresh-1-e' in html and js files
2024-06-17 04:22:35,648 DEBUG [root]: failed to find '.ui-icon-arrowrefresh-1-s' in html and js files
2024-06-17 04:22:35,655 DEBUG [root]: failed to find '.ui-icon-arrow-4' in html and js files
2024-06-17 04:22:35,661 DEBUG [root]: failed to find '.ui-icon-arrow-4-diag' in html and js files
2024-06-17 04:22:35,668 DEBUG [root]: failed to find '.ui-icon-extlink' in html and js files
2024-06-17 04:22:35,674 DEBUG [root]: failed to find '.ui-icon-newwin' in html and js files
2024-06-17 04:22:35,681 DEBUG [root]: failed to find '.ui-icon-refresh' in html and js files
2024-06-17 04:22:35,687 DEBUG [root]: failed to find '.ui-icon-shuffle' in html and js files
2024-06-17 04:22:35,694 DEBUG [root]: failed to find '.ui-icon-transfer-e-w' in html and js files
2024-06-17 04:22:35,700 DEBUG [root]: failed to find '.ui-icon-transferthick-e-w' in html and js files
2024-06-17 04:22:35,707 DEBUG [root]: failed to find '.ui-icon-folder-collapsed' in html and js files
2024-06-17 04:22:35,713 DEBUG [root]: failed to find '.ui-icon-folder-open' in html and js files
2024-06-17 04:22:35,720 DEBUG [root]: failed to find '.ui-icon-document' in html and js files
2024-06-17 04:22:35,727 DEBUG [root]: failed to find '.ui-icon-document-b' in html and js files
2024-06-17 04:22:35,734 DEBUG [root]: failed to find '.ui-icon-note' in html and js files
2024-06-17 04:22:35,740 DEBUG [root]: failed to find '.ui-icon-mail-closed' in html and js files
2024-06-17 04:22:35,747 DEBUG [root]: failed to find '.ui-icon-mail-open' in html and js files
2024-06-17 04:22:35,753 DEBUG [root]: failed to find '.ui-icon-suitcase' in html and js files
2024-06-17 04:22:35,760 DEBUG [root]: failed to find '.ui-icon-comment' in html and js files
2024-06-17 04:22:35,767 DEBUG [root]: failed to find '.ui-icon-person' in html and js files
2024-06-17 04:22:35,773 DEBUG [root]: failed to find '.ui-icon-print' in html and js files
2024-06-17 04:22:35,780 DEBUG [root]: failed to find '.ui-icon-trash' in html and js files
2024-06-17 04:22:35,787 DEBUG [root]: failed to find '.ui-icon-locked' in html and js files
2024-06-17 04:22:35,793 DEBUG [root]: failed to find '.ui-icon-unlocked' in html and js files
2024-06-17 04:22:35,800 DEBUG [root]: failed to find '.ui-icon-bookmark' in html and js files
2024-06-17 04:22:35,807 DEBUG [root]: failed to find '.ui-icon-tag' in html and js files
2024-06-17 04:22:35,814 DEBUG [root]: failed to find '.ui-icon-home' in html and js files
2024-06-17 04:22:35,821 DEBUG [root]: failed to find '.ui-icon-flag' in html and js files
2024-06-17 04:22:35,827 DEBUG [root]: failed to find '.ui-icon-calendar' in html and js files
2024-06-17 04:22:35,834 DEBUG [root]: failed to find '.ui-icon-cart' in html and js files
2024-06-17 04:22:35,842 DEBUG [root]: failed to find '.ui-icon-pencil' in html and js files
2024-06-17 04:22:35,848 DEBUG [root]: failed to find '.ui-icon-clock' in html and js files
2024-06-17 04:22:35,855 DEBUG [root]: failed to find '.ui-icon-disk' in html and js files
2024-06-17 04:22:35,862 DEBUG [root]: failed to find '.ui-icon-calculator' in html and js files
2024-06-17 04:22:35,868 DEBUG [root]: failed to find '.ui-icon-zoomin' in html and js files
2024-06-17 04:22:35,875 DEBUG [root]: failed to find '.ui-icon-zoomout' in html and js files
2024-06-17 04:22:35,882 DEBUG [root]: failed to find '.ui-icon-search' in html and js files
2024-06-17 04:22:35,889 DEBUG [root]: failed to find '.ui-icon-wrench' in html and js files
2024-06-17 04:22:35,896 DEBUG [root]: failed to find '.ui-icon-gear' in html and js files
2024-06-17 04:22:35,902 DEBUG [root]: failed to find '.ui-icon-heart' in html and js files
2024-06-17 04:22:35,909 DEBUG [root]: failed to find '.ui-icon-star' in html and js files
2024-06-17 04:22:35,916 DEBUG [root]: failed to find '.ui-icon-link' in html and js files
2024-06-17 04:22:35,922 DEBUG [root]: failed to find '.ui-icon-cancel' in html and js files
2024-06-17 04:22:35,929 DEBUG [root]: failed to find '.ui-icon-plus' in html and js files
2024-06-17 04:22:35,936 DEBUG [root]: failed to find '.ui-icon-plusthick' in html and js files
2024-06-17 04:22:35,942 DEBUG [root]: failed to find '.ui-icon-minus' in html and js files
2024-06-17 04:22:35,949 DEBUG [root]: failed to find '.ui-icon-minusthick' in html and js files
2024-06-17 04:22:35,955 DEBUG [root]: failed to find '.ui-icon-close' in html and js files
2024-06-17 04:22:35,962 DEBUG [root]: failed to find '.ui-icon-closethick' in html and js files
2024-06-17 04:22:35,968 DEBUG [root]: failed to find '.ui-icon-key' in html and js files
2024-06-17 04:22:35,975 DEBUG [root]: failed to find '.ui-icon-lightbulb' in html and js files
2024-06-17 04:22:35,981 DEBUG [root]: failed to find '.ui-icon-scissors' in html and js files
2024-06-17 04:22:35,987 DEBUG [root]: failed to find '.ui-icon-clipboard' in html and js files
2024-06-17 04:22:35,994 DEBUG [root]: failed to find '.ui-icon-copy' in html and js files
2024-06-17 04:22:36,000 DEBUG [root]: failed to find '.ui-icon-contact' in html and js files
2024-06-17 04:22:36,007 DEBUG [root]: failed to find '.ui-icon-image' in html and js files
2024-06-17 04:22:36,013 DEBUG [root]: failed to find '.ui-icon-video' in html and js files
2024-06-17 04:22:36,020 DEBUG [root]: failed to find '.ui-icon-script' in html and js files
2024-06-17 04:22:36,027 DEBUG [root]: failed to find '.ui-icon-alert' in html and js files
2024-06-17 04:22:36,033 DEBUG [root]: failed to find '.ui-icon-info' in html and js files
2024-06-17 04:22:36,040 DEBUG [root]: failed to find '.ui-icon-notice' in html and js files
2024-06-17 04:22:36,047 DEBUG [root]: failed to find '.ui-icon-help' in html and js files
2024-06-17 04:22:36,053 DEBUG [root]: failed to find '.ui-icon-check' in html and js files
2024-06-17 04:22:36,060 DEBUG [root]: failed to find '.ui-icon-bullet' in html and js files
2024-06-17 04:22:36,066 DEBUG [root]: failed to find '.ui-icon-radio-on' in html and js files
2024-06-17 04:22:36,073 DEBUG [root]: failed to find '.ui-icon-radio-off' in html and js files
2024-06-17 04:22:36,079 DEBUG [root]: failed to find '.ui-icon-pin-w' in html and js files
2024-06-17 04:22:36,086 DEBUG [root]: failed to find '.ui-icon-pin-s' in html and js files
2024-06-17 04:22:36,092 DEBUG [root]: failed to find '.ui-icon-play' in html and js files
2024-06-17 04:22:36,099 DEBUG [root]: failed to find '.ui-icon-pause' in html and js files
2024-06-17 04:22:36,105 DEBUG [root]: failed to find '.ui-icon-seek-next' in html and js files
2024-06-17 04:22:36,112 DEBUG [root]: failed to find '.ui-icon-seek-prev' in html and js files
2024-06-17 04:22:36,119 DEBUG [root]: failed to find '.ui-icon-seek-end' in html and js files
2024-06-17 04:22:36,126 DEBUG [root]: failed to find '.ui-icon-seek-start' in html and js files
2024-06-17 04:22:36,132 DEBUG [root]: failed to find '.ui-icon-seek-first' in html and js files
2024-06-17 04:22:36,139 DEBUG [root]: failed to find '.ui-icon-stop' in html and js files
2024-06-17 04:22:36,146 DEBUG [root]: failed to find '.ui-icon-eject' in html and js files
2024-06-17 04:22:36,153 DEBUG [root]: failed to find '.ui-icon-volume-off' in html and js files
2024-06-17 04:22:36,159 DEBUG [root]: failed to find '.ui-icon-volume-on' in html and js files
2024-06-17 04:22:36,166 DEBUG [root]: failed to find '.ui-icon-power' in html and js files
2024-06-17 04:22:36,172 DEBUG [root]: failed to find '.ui-icon-signal-diag' in html and js files
2024-06-17 04:22:36,179 DEBUG [root]: failed to find '.ui-icon-signal' in html and js files
2024-06-17 04:22:36,186 DEBUG [root]: failed to find '.ui-icon-battery-0' in html and js files
2024-06-17 04:22:36,195 DEBUG [root]: failed to find '.ui-icon-battery-1' in html and js files
2024-06-17 04:22:36,203 DEBUG [root]: failed to find '.ui-icon-battery-2' in html and js files
2024-06-17 04:22:36,211 DEBUG [root]: failed to find '.ui-icon-battery-3' in html and js files
2024-06-17 04:22:36,219 DEBUG [root]: failed to find '.ui-icon-circle-plus' in html and js files
2024-06-17 04:22:36,226 DEBUG [root]: failed to find '.ui-icon-circle-minus' in html and js files
2024-06-17 04:22:36,233 DEBUG [root]: failed to find '.ui-icon-circle-close' in html and js files
2024-06-17 04:22:36,241 DEBUG [root]: failed to find '.ui-icon-circle-triangle-e' in html and js files
2024-06-17 04:22:36,248 DEBUG [root]: failed to find '.ui-icon-circle-triangle-s' in html and js files
2024-06-17 04:22:36,255 DEBUG [root]: failed to find '.ui-icon-circle-triangle-w' in html and js files
2024-06-17 04:22:36,262 DEBUG [root]: failed to find '.ui-icon-circle-triangle-n' in html and js files
2024-06-17 04:22:36,270 DEBUG [root]: failed to find '.ui-icon-circle-arrow-e' in html and js files
2024-06-17 04:22:36,277 DEBUG [root]: failed to find '.ui-icon-circle-arrow-s' in html and js files
2024-06-17 04:22:36,284 DEBUG [root]: failed to find '.ui-icon-circle-arrow-w' in html and js files
2024-06-17 04:22:36,291 DEBUG [root]: failed to find '.ui-icon-circle-arrow-n' in html and js files
2024-06-17 04:22:36,298 DEBUG [root]: failed to find '.ui-icon-circle-zoomin' in html and js files
2024-06-17 04:22:36,305 DEBUG [root]: failed to find '.ui-icon-circle-zoomout' in html and js files
2024-06-17 04:22:36,312 DEBUG [root]: failed to find '.ui-icon-circle-check' in html and js files
2024-06-17 04:22:36,320 DEBUG [root]: failed to find '.ui-icon-circlesmall-plus' in html and js files
2024-06-17 04:22:36,328 DEBUG [root]: failed to find '.ui-icon-circlesmall-minus' in html and js files
2024-06-17 04:22:36,335 DEBUG [root]: failed to find '.ui-icon-circlesmall-close' in html and js files
2024-06-17 04:22:36,343 DEBUG [root]: failed to find '.ui-icon-squaresmall-plus' in html and js files
2024-06-17 04:22:36,350 DEBUG [root]: failed to find '.ui-icon-squaresmall-minus' in html and js files
2024-06-17 04:22:36,358 DEBUG [root]: failed to find '.ui-icon-squaresmall-close' in html and js files
2024-06-17 04:22:36,365 DEBUG [root]: failed to find '.ui-icon-grip-dotted-vertical' in html and js files
2024-06-17 04:22:36,372 DEBUG [root]: failed to find '.ui-icon-grip-dotted-horizontal' in html and js files
2024-06-17 04:22:36,378 DEBUG [root]: failed to find '.ui-icon-grip-solid-vertical' in html and js files
2024-06-17 04:22:36,385 DEBUG [root]: failed to find '.ui-icon-grip-solid-horizontal' in html and js files
2024-06-17 04:22:36,393 DEBUG [root]: failed to find '.ui-icon-gripsmall-diagonal-se' in html and js files
2024-06-17 04:22:36,400 DEBUG [root]: failed to find '.ui-icon-grip-diagonal-se' in html and js files
2024-06-17 04:22:36,408 DEBUG [root]: failed to find '.ui-corner-all' in html and js files
2024-06-17 04:22:36,415 DEBUG [root]: failed to find '.ui-corner-top' in html and js files
2024-06-17 04:22:36,422 DEBUG [root]: failed to find '.ui-corner-left' in html and js files
2024-06-17 04:22:36,430 DEBUG [root]: failed to find '.ui-corner-tl' in html and js files
2024-06-17 04:22:36,437 DEBUG [root]: failed to find '.ui-corner-all' in html and js files
2024-06-17 04:22:36,444 DEBUG [root]: failed to find '.ui-corner-top' in html and js files
2024-06-17 04:22:36,451 DEBUG [root]: failed to find '.ui-corner-right' in html and js files
2024-06-17 04:22:36,459 DEBUG [root]: failed to find '.ui-corner-tr' in html and js files
2024-06-17 04:22:36,467 DEBUG [root]: failed to find '.ui-corner-all' in html and js files
2024-06-17 04:22:36,474 DEBUG [root]: failed to find '.ui-corner-bottom' in html and js files
2024-06-17 04:22:36,481 DEBUG [root]: failed to find '.ui-corner-left' in html and js files
2024-06-17 04:22:36,488 DEBUG [root]: failed to find '.ui-corner-bl' in html and js files
2024-06-17 04:22:36,496 DEBUG [root]: failed to find '.ui-corner-all' in html and js files
2024-06-17 04:22:36,502 DEBUG [root]: failed to find '.ui-corner-bottom' in html and js files
2024-06-17 04:22:36,510 DEBUG [root]: failed to find '.ui-corner-right' in html and js files
2024-06-17 04:22:36,517 DEBUG [root]: failed to find '.ui-corner-br' in html and js files
2024-06-17 04:22:36,524 DEBUG [root]: failed to find '.ui-widget-overlay' in html and js files
2024-06-17 04:22:36,531 DEBUG [root]: failed to find '.ui-widget-shadow' in html and js files
2024-06-17 04:22:36,560 DEBUG [root]: processing '../public/jquery/jquery-ui.structure.css' ...
2024-06-17 04:22:36,593 DEBUG [root]: failed to find '.ui-helper-reset' in html and js files
2024-06-17 04:22:36,600 DEBUG [root]: failed to find '.ui-helper-clearfix' in html and js files
2024-06-17 04:22:36,607 DEBUG [root]: failed to find '.ui-helper-clearfix' in html and js files
2024-06-17 04:22:36,613 DEBUG [root]: failed to find '.ui-helper-clearfix' in html and js files
2024-06-17 04:22:36,620 DEBUG [root]: failed to find '.ui-helper-zfix' in html and js files
2024-06-17 04:22:36,647 DEBUG [root]: failed to find '.ui-widget-icon-block' in html and js files
2024-06-17 04:22:36,654 DEBUG [root]: failed to find '.ui-widget-overlay' in html and js files
2024-06-17 04:22:36,673 DEBUG [root]: failed to find '.ui-menu .ui-menu' in html and js files
2024-06-17 04:22:36,680 DEBUG [root]: failed to find '.ui-menu .ui-menu-item' in html and js files
2024-06-17 04:22:36,687 DEBUG [root]: failed to find '.ui-menu .ui-menu-item-wrapper' in html and js files
2024-06-17 04:22:36,694 DEBUG [root]: failed to find '.ui-menu .ui-menu-divider' in html and js files
2024-06-17 04:22:36,701 DEBUG [root]: failed to find '.ui-menu .ui-state-focus' in html and js files
2024-06-17 04:22:36,709 DEBUG [root]: failed to find '.ui-menu .ui-state-active' in html and js files
2024-06-17 04:22:36,722 DEBUG [root]: failed to find '.ui-menu-icons .ui-menu-item-wrapper' in html and js files
2024-06-17 04:22:36,730 DEBUG [root]: failed to find '.ui-menu .ui-icon' in html and js files
2024-06-17 04:22:36,738 DEBUG [root]: failed to find '.ui-menu .ui-menu-icon' in html and js files
2024-06-17 04:22:36,741 DEBUG [root]: processing '../public/jquery/jquery-ui.min.css' ...
2024-06-17 04:22:36,843 DEBUG [root]: failed to find '.ui-helper-reset' in html and js files
2024-06-17 04:22:36,851 DEBUG [root]: failed to find '.ui-helper-clearfix' in html and js files
2024-06-17 04:22:36,858 DEBUG [root]: failed to find '.ui-helper-clearfix' in html and js files
2024-06-17 04:22:36,866 DEBUG [root]: failed to find '.ui-helper-clearfix' in html and js files
2024-06-17 04:22:36,873 DEBUG [root]: failed to find '.ui-helper-zfix' in html and js files
2024-06-17 04:22:36,900 DEBUG [root]: failed to find '.ui-widget-icon-block' in html and js files
2024-06-17 04:22:36,908 DEBUG [root]: failed to find '.ui-widget-overlay' in html and js files
2024-06-17 04:22:36,928 DEBUG [root]: failed to find '.ui-menu .ui-menu' in html and js files
2024-06-17 04:22:36,935 DEBUG [root]: failed to find '.ui-menu .ui-menu-item' in html and js files
2024-06-17 04:22:36,942 DEBUG [root]: failed to find '.ui-menu .ui-menu-item-wrapper' in html and js files
2024-06-17 04:22:36,949 DEBUG [root]: failed to find '.ui-menu .ui-menu-divider' in html and js files
2024-06-17 04:22:36,957 DEBUG [root]: failed to find '.ui-menu .ui-state-focus' in html and js files
2024-06-17 04:22:36,964 DEBUG [root]: failed to find '.ui-menu .ui-state-active' in html and js files
2024-06-17 04:22:36,977 DEBUG [root]: failed to find '.ui-menu-icons .ui-menu-item-wrapper' in html and js files
2024-06-17 04:22:36,984 DEBUG [root]: failed to find '.ui-menu .ui-icon' in html and js files
2024-06-17 04:22:36,991 DEBUG [root]: failed to find '.ui-menu .ui-menu-icon' in html and js files
2024-06-17 04:22:37,004 DEBUG [root]: failed to find '.ui-widget .ui-widget' in html and js files
2024-06-17 04:22:37,012 DEBUG [root]: failed to find '.ui-widget input' in html and js files
2024-06-17 04:22:37,019 DEBUG [root]: failed to find '.ui-widget select' in html and js files
2024-06-17 04:22:37,025 DEBUG [root]: failed to find '.ui-widget textarea' in html and js files
2024-06-17 04:22:37,032 DEBUG [root]: failed to find '.ui-widget button' in html and js files
2024-06-17 04:22:37,039 DEBUG [root]: failed to find '.ui-widget.ui-widget-content' in html and js files
2024-06-17 04:22:37,052 DEBUG [root]: failed to find '.ui-widget-content a' in html and js files
2024-06-17 04:22:37,058 DEBUG [root]: failed to find '.ui-widget-header' in html and js files
2024-06-17 04:22:37,065 DEBUG [root]: failed to find '.ui-widget-header a' in html and js files
2024-06-17 04:22:37,072 DEBUG [root]: failed to find '.ui-state-default' in html and js files
2024-06-17 04:22:37,079 DEBUG [root]: failed to find '.ui-widget-content .ui-state-default' in html and js files
2024-06-17 04:22:37,085 DEBUG [root]: failed to find '.ui-widget-header .ui-state-default' in html and js files
2024-06-17 04:22:37,092 DEBUG [root]: failed to find '.ui-button' in html and js files
2024-06-17 04:22:37,099 DEBUG [root]: failed to find 'html .ui-button.ui-state-disabled' in html and js files
2024-06-17 04:22:37,106 DEBUG [root]: failed to find 'html .ui-button.ui-state-disabled' in html and js files
2024-06-17 04:22:37,113 DEBUG [root]: failed to find '.ui-state-default a' in html and js files
2024-06-17 04:22:37,120 DEBUG [root]: failed to find '.ui-state-default a' in html and js files
2024-06-17 04:22:37,126 DEBUG [root]: failed to find '.ui-state-default a' in html and js files
2024-06-17 04:22:37,133 DEBUG [root]: failed to find 'a.ui-button' in html and js files
2024-06-17 04:22:37,147 DEBUG [root]: failed to find '.ui-state-hover a' in html and js files
2024-06-17 04:22:37,154 DEBUG [root]: failed to find '.ui-state-hover a' in html and js files
2024-06-17 04:22:37,161 DEBUG [root]: failed to find '.ui-state-hover a' in html and js files
2024-06-17 04:22:37,168 DEBUG [root]: failed to find '.ui-state-hover a' in html and js files
2024-06-17 04:22:37,175 DEBUG [root]: failed to find '.ui-state-focus a' in html and js files
2024-06-17 04:22:37,181 DEBUG [root]: failed to find '.ui-state-focus a' in html and js files
2024-06-17 04:22:37,188 DEBUG [root]: failed to find '.ui-state-focus a' in html and js files
2024-06-17 04:22:37,195 DEBUG [root]: failed to find '.ui-state-focus a' in html and js files
2024-06-17 04:22:37,202 DEBUG [root]: failed to find 'a.ui-button' in html and js files
2024-06-17 04:22:37,210 DEBUG [root]: failed to find 'a.ui-button' in html and js files
2024-06-17 04:22:37,218 DEBUG [root]: failed to find '.ui-visual-focus' in html and js files
2024-06-17 04:22:37,234 DEBUG [root]: failed to find '.ui-icon-background' in html and js files
2024-06-17 04:22:37,241 DEBUG [root]: failed to find '.ui-state-active .ui-icon-background' in html and js files
2024-06-17 04:22:37,249 DEBUG [root]: failed to find '.ui-state-active a' in html and js files
2024-06-17 04:22:37,257 DEBUG [root]: failed to find '.ui-state-active a' in html and js files
2024-06-17 04:22:37,264 DEBUG [root]: failed to find '.ui-state-active a' in html and js files
2024-06-17 04:22:37,272 DEBUG [root]: failed to find '.ui-state-highlight' in html and js files
2024-06-17 04:22:37,279 DEBUG [root]: failed to find '.ui-widget-content .ui-state-highlight' in html and js files
2024-06-17 04:22:37,286 DEBUG [root]: failed to find '.ui-widget-header .ui-state-highlight' in html and js files
2024-06-17 04:22:37,294 DEBUG [root]: failed to find '.ui-state-checked' in html and js files
2024-06-17 04:22:37,301 DEBUG [root]: failed to find '.ui-state-highlight a' in html and js files
2024-06-17 04:22:37,308 DEBUG [root]: failed to find '.ui-widget-content .ui-state-highlight a' in html and js files
2024-06-17 04:22:37,315 DEBUG [root]: failed to find '.ui-widget-header .ui-state-highlight a' in html and js files
2024-06-17 04:22:37,323 DEBUG [root]: failed to find '.ui-state-error' in html and js files
2024-06-17 04:22:37,330 DEBUG [root]: failed to find '.ui-widget-content .ui-state-error' in html and js files
2024-06-17 04:22:37,337 DEBUG [root]: failed to find '.ui-widget-header .ui-state-error' in html and js files
2024-06-17 04:22:37,345 DEBUG [root]: failed to find '.ui-state-error a' in html and js files
2024-06-17 04:22:37,354 DEBUG [root]: failed to find '.ui-widget-content .ui-state-error a' in html and js files
2024-06-17 04:22:37,361 DEBUG [root]: failed to find '.ui-widget-header .ui-state-error a' in html and js files
2024-06-17 04:22:37,369 DEBUG [root]: failed to find '.ui-state-error-text' in html and js files
2024-06-17 04:22:37,377 DEBUG [root]: failed to find '.ui-widget-content .ui-state-error-text' in html and js files
2024-06-17 04:22:37,384 DEBUG [root]: failed to find '.ui-widget-header .ui-state-error-text' in html and js files
2024-06-17 04:22:37,391 DEBUG [root]: failed to find '.ui-priority-primary' in html and js files
2024-06-17 04:22:37,398 DEBUG [root]: failed to find '.ui-widget-content .ui-priority-primary' in html and js files
2024-06-17 04:22:37,404 DEBUG [root]: failed to find '.ui-widget-header .ui-priority-primary' in html and js files
2024-06-17 04:22:37,411 DEBUG [root]: failed to find '.ui-priority-secondary' in html and js files
2024-06-17 04:22:37,418 DEBUG [root]: failed to find '.ui-widget-content .ui-priority-secondary' in html and js files
2024-06-17 04:22:37,425 DEBUG [root]: failed to find '.ui-widget-header .ui-priority-secondary' in html and js files
2024-06-17 04:22:37,438 DEBUG [root]: failed to find '.ui-state-disabled .ui-icon' in html and js files
2024-06-17 04:22:37,458 DEBUG [root]: failed to find '.ui-widget-header .ui-icon' in html and js files
2024-06-17 04:22:37,466 DEBUG [root]: failed to find '.ui-state-hover .ui-icon' in html and js files
2024-06-17 04:22:37,472 DEBUG [root]: failed to find '.ui-state-focus .ui-icon' in html and js files
2024-06-17 04:22:37,480 DEBUG [root]: failed to find '.ui-button' in html and js files
2024-06-17 04:22:37,487 DEBUG [root]: failed to find '.ui-button' in html and js files
2024-06-17 04:22:37,494 DEBUG [root]: failed to find '.ui-state-active .ui-icon' in html and js files
2024-06-17 04:22:37,501 DEBUG [root]: failed to find '.ui-button' in html and js files
2024-06-17 04:22:37,508 DEBUG [root]: failed to find '.ui-state-highlight .ui-icon' in html and js files
2024-06-17 04:22:37,515 DEBUG [root]: failed to find '.ui-button .ui-state-highlight.ui-icon' in html and js files
2024-06-17 04:22:37,522 DEBUG [root]: failed to find '.ui-state-error .ui-icon' in html and js files
2024-06-17 04:22:37,529 DEBUG [root]: failed to find '.ui-state-error-text .ui-icon' in html and js files
2024-06-17 04:22:37,536 DEBUG [root]: failed to find '.ui-button .ui-icon' in html and js files
2024-06-17 04:22:37,543 DEBUG [root]: failed to find '.ui-icon-blank' in html and js files
2024-06-17 04:22:37,549 DEBUG [root]: failed to find '.ui-icon-caret-1-n' in html and js files
2024-06-17 04:22:37,556 DEBUG [root]: failed to find '.ui-icon-caret-1-ne' in html and js files
2024-06-17 04:22:37,570 DEBUG [root]: failed to find '.ui-icon-caret-1-se' in html and js files
2024-06-17 04:22:37,576 DEBUG [root]: failed to find '.ui-icon-caret-1-s' in html and js files
2024-06-17 04:22:37,584 DEBUG [root]: failed to find '.ui-icon-caret-1-sw' in html and js files
2024-06-17 04:22:37,591 DEBUG [root]: failed to find '.ui-icon-caret-1-w' in html and js files
2024-06-17 04:22:37,598 DEBUG [root]: failed to find '.ui-icon-caret-1-nw' in html and js files
2024-06-17 04:22:37,605 DEBUG [root]: failed to find '.ui-icon-caret-2-n-s' in html and js files
2024-06-17 04:22:37,611 DEBUG [root]: failed to find '.ui-icon-caret-2-e-w' in html and js files
2024-06-17 04:22:37,618 DEBUG [root]: failed to find '.ui-icon-triangle-1-n' in html and js files
2024-06-17 04:22:37,625 DEBUG [root]: failed to find '.ui-icon-triangle-1-ne' in html and js files
2024-06-17 04:22:37,632 DEBUG [root]: failed to find '.ui-icon-triangle-1-e' in html and js files
2024-06-17 04:22:37,639 DEBUG [root]: failed to find '.ui-icon-triangle-1-se' in html and js files
2024-06-17 04:22:37,645 DEBUG [root]: failed to find '.ui-icon-triangle-1-s' in html and js files
2024-06-17 04:22:37,652 DEBUG [root]: failed to find '.ui-icon-triangle-1-sw' in html and js files
2024-06-17 04:22:37,659 DEBUG [root]: failed to find '.ui-icon-triangle-1-w' in html and js files
2024-06-17 04:22:37,665 DEBUG [root]: failed to find '.ui-icon-triangle-1-nw' in html and js files
2024-06-17 04:22:37,672 DEBUG [root]: failed to find '.ui-icon-triangle-2-n-s' in html and js files
2024-06-17 04:22:37,679 DEBUG [root]: failed to find '.ui-icon-triangle-2-e-w' in html and js files
2024-06-17 04:22:37,685 DEBUG [root]: failed to find '.ui-icon-arrow-1-n' in html and js files
2024-06-17 04:22:37,692 DEBUG [root]: failed to find '.ui-icon-arrow-1-ne' in html and js files
2024-06-17 04:22:37,699 DEBUG [root]: failed to find '.ui-icon-arrow-1-e' in html and js files
2024-06-17 04:22:37,706 DEBUG [root]: failed to find '.ui-icon-arrow-1-se' in html and js files
2024-06-17 04:22:37,712 DEBUG [root]: failed to find '.ui-icon-arrow-1-s' in html and js files
2024-06-17 04:22:37,719 DEBUG [root]: failed to find '.ui-icon-arrow-1-sw' in html and js files
2024-06-17 04:22:37,726 DEBUG [root]: failed to find '.ui-icon-arrow-1-w' in html and js files
2024-06-17 04:22:37,732 DEBUG [root]: failed to find '.ui-icon-arrow-1-nw' in html and js files
2024-06-17 04:22:37,740 DEBUG [root]: failed to find '.ui-icon-arrow-2-n-s' in html and js files
2024-06-17 04:22:37,748 DEBUG [root]: failed to find '.ui-icon-arrow-2-ne-sw' in html and js files
2024-06-17 04:22:37,756 DEBUG [root]: failed to find '.ui-icon-arrow-2-e-w' in html and js files
2024-06-17 04:22:37,764 DEBUG [root]: failed to find '.ui-icon-arrow-2-se-nw' in html and js files
2024-06-17 04:22:37,771 DEBUG [root]: failed to find '.ui-icon-arrowstop-1-n' in html and js files
2024-06-17 04:22:37,779 DEBUG [root]: failed to find '.ui-icon-arrowstop-1-e' in html and js files
2024-06-17 04:22:37,787 DEBUG [root]: failed to find '.ui-icon-arrowstop-1-s' in html and js files
2024-06-17 04:22:37,794 DEBUG [root]: failed to find '.ui-icon-arrowstop-1-w' in html and js files
2024-06-17 04:22:37,802 DEBUG [root]: failed to find '.ui-icon-arrowthick-1-n' in html and js files
2024-06-17 04:22:37,811 DEBUG [root]: failed to find '.ui-icon-arrowthick-1-ne' in html and js files
2024-06-17 04:22:37,819 DEBUG [root]: failed to find '.ui-icon-arrowthick-1-e' in html and js files
2024-06-17 04:22:37,827 DEBUG [root]: failed to find '.ui-icon-arrowthick-1-se' in html and js files
2024-06-17 04:22:37,834 DEBUG [root]: failed to find '.ui-icon-arrowthick-1-s' in html and js files
2024-06-17 04:22:37,841 DEBUG [root]: failed to find '.ui-icon-arrowthick-1-sw' in html and js files
2024-06-17 04:22:37,848 DEBUG [root]: failed to find '.ui-icon-arrowthick-1-w' in html and js files
2024-06-17 04:22:37,855 DEBUG [root]: failed to find '.ui-icon-arrowthick-1-nw' in html and js files
2024-06-17 04:22:37,862 DEBUG [root]: failed to find '.ui-icon-arrowthick-2-n-s' in html and js files
2024-06-17 04:22:37,869 DEBUG [root]: failed to find '.ui-icon-arrowthick-2-ne-sw' in html and js files
2024-06-17 04:22:37,876 DEBUG [root]: failed to find '.ui-icon-arrowthick-2-e-w' in html and js files
2024-06-17 04:22:37,883 DEBUG [root]: failed to find '.ui-icon-arrowthick-2-se-nw' in html and js files
2024-06-17 04:22:37,890 DEBUG [root]: failed to find '.ui-icon-arrowthickstop-1-n' in html and js files
2024-06-17 04:22:37,897 DEBUG [root]: failed to find '.ui-icon-arrowthickstop-1-e' in html and js files
2024-06-17 04:22:37,904 DEBUG [root]: failed to find '.ui-icon-arrowthickstop-1-s' in html and js files
2024-06-17 04:22:37,911 DEBUG [root]: failed to find '.ui-icon-arrowthickstop-1-w' in html and js files
2024-06-17 04:22:37,918 DEBUG [root]: failed to find '.ui-icon-arrowreturnthick-1-w' in html and js files
2024-06-17 04:22:37,924 DEBUG [root]: failed to find '.ui-icon-arrowreturnthick-1-n' in html and js files
2024-06-17 04:22:37,932 DEBUG [root]: failed to find '.ui-icon-arrowreturnthick-1-e' in html and js files
2024-06-17 04:22:37,939 DEBUG [root]: failed to find '.ui-icon-arrowreturnthick-1-s' in html and js files
2024-06-17 04:22:37,946 DEBUG [root]: failed to find '.ui-icon-arrowreturn-1-w' in html and js files
2024-06-17 04:22:37,953 DEBUG [root]: failed to find '.ui-icon-arrowreturn-1-n' in html and js files
2024-06-17 04:22:37,960 DEBUG [root]: failed to find '.ui-icon-arrowreturn-1-e' in html and js files
2024-06-17 04:22:37,967 DEBUG [root]: failed to find '.ui-icon-arrowreturn-1-s' in html and js files
2024-06-17 04:22:37,974 DEBUG [root]: failed to find '.ui-icon-arrowrefresh-1-w' in html and js files
2024-06-17 04:22:37,981 DEBUG [root]: failed to find '.ui-icon-arrowrefresh-1-n' in html and js files
2024-06-17 04:22:37,988 DEBUG [root]: failed to find '.ui-icon-arrowrefresh-1-e' in html and js files
2024-06-17 04:22:37,995 DEBUG [root]: failed to find '.ui-icon-arrowrefresh-1-s' in html and js files
2024-06-17 04:22:38,002 DEBUG [root]: failed to find '.ui-icon-arrow-4' in html and js files
2024-06-17 04:22:38,009 DEBUG [root]: failed to find '.ui-icon-arrow-4-diag' in html and js files
2024-06-17 04:22:38,016 DEBUG [root]: failed to find '.ui-icon-extlink' in html and js files
2024-06-17 04:22:38,023 DEBUG [root]: failed to find '.ui-icon-newwin' in html and js files
2024-06-17 04:22:38,030 DEBUG [root]: failed to find '.ui-icon-refresh' in html and js files
2024-06-17 04:22:38,037 DEBUG [root]: failed to find '.ui-icon-shuffle' in html and js files
2024-06-17 04:22:38,044 DEBUG [root]: failed to find '.ui-icon-transfer-e-w' in html and js files
2024-06-17 04:22:38,051 DEBUG [root]: failed to find '.ui-icon-transferthick-e-w' in html and js files
2024-06-17 04:22:38,057 DEBUG [root]: failed to find '.ui-icon-folder-collapsed' in html and js files
2024-06-17 04:22:38,064 DEBUG [root]: failed to find '.ui-icon-folder-open' in html and js files
2024-06-17 04:22:38,071 DEBUG [root]: failed to find '.ui-icon-document' in html and js files
2024-06-17 04:22:38,078 DEBUG [root]: failed to find '.ui-icon-document-b' in html and js files
2024-06-17 04:22:38,085 DEBUG [root]: failed to find '.ui-icon-note' in html and js files
2024-06-17 04:22:38,092 DEBUG [root]: failed to find '.ui-icon-mail-closed' in html and js files
2024-06-17 04:22:38,099 DEBUG [root]: failed to find '.ui-icon-mail-open' in html and js files
2024-06-17 04:22:38,106 DEBUG [root]: failed to find '.ui-icon-suitcase' in html and js files
2024-06-17 04:22:38,113 DEBUG [root]: failed to find '.ui-icon-comment' in html and js files
2024-06-17 04:22:38,120 DEBUG [root]: failed to find '.ui-icon-person' in html and js files
2024-06-17 04:22:38,127 DEBUG [root]: failed to find '.ui-icon-print' in html and js files
2024-06-17 04:22:38,134 DEBUG [root]: failed to find '.ui-icon-trash' in html and js files
2024-06-17 04:22:38,141 DEBUG [root]: failed to find '.ui-icon-locked' in html and js files
2024-06-17 04:22:38,148 DEBUG [root]: failed to find '.ui-icon-unlocked' in html and js files
2024-06-17 04:22:38,155 DEBUG [root]: failed to find '.ui-icon-bookmark' in html and js files
2024-06-17 04:22:38,161 DEBUG [root]: failed to find '.ui-icon-tag' in html and js files
2024-06-17 04:22:38,169 DEBUG [root]: failed to find '.ui-icon-home' in html and js files
2024-06-17 04:22:38,178 DEBUG [root]: failed to find '.ui-icon-flag' in html and js files
2024-06-17 04:22:38,187 DEBUG [root]: failed to find '.ui-icon-calendar' in html and js files
2024-06-17 04:22:38,196 DEBUG [root]: failed to find '.ui-icon-cart' in html and js files
2024-06-17 04:22:38,205 DEBUG [root]: failed to find '.ui-icon-pencil' in html and js files
2024-06-17 04:22:38,213 DEBUG [root]: failed to find '.ui-icon-clock' in html and js files
2024-06-17 04:22:38,221 DEBUG [root]: failed to find '.ui-icon-disk' in html and js files
2024-06-17 04:22:38,229 DEBUG [root]: failed to find '.ui-icon-calculator' in html and js files
2024-06-17 04:22:38,237 DEBUG [root]: failed to find '.ui-icon-zoomin' in html and js files
2024-06-17 04:22:38,244 DEBUG [root]: failed to find '.ui-icon-zoomout' in html and js files
2024-06-17 04:22:38,252 DEBUG [root]: failed to find '.ui-icon-search' in html and js files
2024-06-17 04:22:38,260 DEBUG [root]: failed to find '.ui-icon-wrench' in html and js files
2024-06-17 04:22:38,269 DEBUG [root]: failed to find '.ui-icon-gear' in html and js files
2024-06-17 04:22:38,277 DEBUG [root]: failed to find '.ui-icon-heart' in html and js files
2024-06-17 04:22:38,284 DEBUG [root]: failed to find '.ui-icon-star' in html and js files
2024-06-17 04:22:38,292 DEBUG [root]: failed to find '.ui-icon-link' in html and js files
2024-06-17 04:22:38,300 DEBUG [root]: failed to find '.ui-icon-cancel' in html and js files
2024-06-17 04:22:38,308 DEBUG [root]: failed to find '.ui-icon-plus' in html and js files
2024-06-17 04:22:38,316 DEBUG [root]: failed to find '.ui-icon-plusthick' in html and js files
2024-06-17 04:22:38,324 DEBUG [root]: failed to find '.ui-icon-minus' in html and js files
2024-06-17 04:22:38,331 DEBUG [root]: failed to find '.ui-icon-minusthick' in html and js files
2024-06-17 04:22:38,339 DEBUG [root]: failed to find '.ui-icon-close' in html and js files
2024-06-17 04:22:38,346 DEBUG [root]: failed to find '.ui-icon-closethick' in html and js files
2024-06-17 04:22:38,354 DEBUG [root]: failed to find '.ui-icon-key' in html and js files
2024-06-17 04:22:38,361 DEBUG [root]: failed to find '.ui-icon-lightbulb' in html and js files
2024-06-17 04:22:38,368 DEBUG [root]: failed to find '.ui-icon-scissors' in html and js files
2024-06-17 04:22:38,376 DEBUG [root]: failed to find '.ui-icon-clipboard' in html and js files
2024-06-17 04:22:38,385 DEBUG [root]: failed to find '.ui-icon-copy' in html and js files
2024-06-17 04:22:38,393 DEBUG [root]: failed to find '.ui-icon-contact' in html and js files
2024-06-17 04:22:38,401 DEBUG [root]: failed to find '.ui-icon-image' in html and js files
2024-06-17 04:22:38,408 DEBUG [root]: failed to find '.ui-icon-video' in html and js files
2024-06-17 04:22:38,416 DEBUG [root]: failed to find '.ui-icon-script' in html and js files
2024-06-17 04:22:38,423 DEBUG [root]: failed to find '.ui-icon-alert' in html and js files
2024-06-17 04:22:38,430 DEBUG [root]: failed to find '.ui-icon-info' in html and js files
2024-06-17 04:22:38,438 DEBUG [root]: failed to find '.ui-icon-notice' in html and js files
2024-06-17 04:22:38,445 DEBUG [root]: failed to find '.ui-icon-help' in html and js files
2024-06-17 04:22:38,452 DEBUG [root]: failed to find '.ui-icon-check' in html and js files
2024-06-17 04:22:38,459 DEBUG [root]: failed to find '.ui-icon-bullet' in html and js files
2024-06-17 04:22:38,466 DEBUG [root]: failed to find '.ui-icon-radio-on' in html and js files
2024-06-17 04:22:38,473 DEBUG [root]: failed to find '.ui-icon-radio-off' in html and js files
2024-06-17 04:22:38,480 DEBUG [root]: failed to find '.ui-icon-pin-w' in html and js files
2024-06-17 04:22:38,487 DEBUG [root]: failed to find '.ui-icon-pin-s' in html and js files
2024-06-17 04:22:38,494 DEBUG [root]: failed to find '.ui-icon-play' in html and js files
2024-06-17 04:22:38,501 DEBUG [root]: failed to find '.ui-icon-pause' in html and js files
2024-06-17 04:22:38,508 DEBUG [root]: failed to find '.ui-icon-seek-next' in html and js files
2024-06-17 04:22:38,515 DEBUG [root]: failed to find '.ui-icon-seek-prev' in html and js files
2024-06-17 04:22:38,522 DEBUG [root]: failed to find '.ui-icon-seek-end' in html and js files
2024-06-17 04:22:38,529 DEBUG [root]: failed to find '.ui-icon-seek-start' in html and js files
2024-06-17 04:22:38,536 DEBUG [root]: failed to find '.ui-icon-seek-first' in html and js files
2024-06-17 04:22:38,543 DEBUG [root]: failed to find '.ui-icon-stop' in html and js files
2024-06-17 04:22:38,550 DEBUG [root]: failed to find '.ui-icon-eject' in html and js files
2024-06-17 04:22:38,556 DEBUG [root]: failed to find '.ui-icon-volume-off' in html and js files
2024-06-17 04:22:38,563 DEBUG [root]: failed to find '.ui-icon-volume-on' in html and js files
2024-06-17 04:22:38,570 DEBUG [root]: failed to find '.ui-icon-power' in html and js files
2024-06-17 04:22:38,577 DEBUG [root]: failed to find '.ui-icon-signal-diag' in html and js files
2024-06-17 04:22:38,584 DEBUG [root]: failed to find '.ui-icon-signal' in html and js files
2024-06-17 04:22:38,590 DEBUG [root]: failed to find '.ui-icon-battery-0' in html and js files
2024-06-17 04:22:38,597 DEBUG [root]: failed to find '.ui-icon-battery-1' in html and js files
2024-06-17 04:22:38,604 DEBUG [root]: failed to find '.ui-icon-battery-2' in html and js files
2024-06-17 04:22:38,611 DEBUG [root]: failed to find '.ui-icon-battery-3' in html and js files
2024-06-17 04:22:38,617 DEBUG [root]: failed to find '.ui-icon-circle-plus' in html and js files
2024-06-17 04:22:38,624 DEBUG [root]: failed to find '.ui-icon-circle-minus' in html and js files
2024-06-17 04:22:38,631 DEBUG [root]: failed to find '.ui-icon-circle-close' in html and js files
2024-06-17 04:22:38,637 DEBUG [root]: failed to find '.ui-icon-circle-triangle-e' in html and js files
2024-06-17 04:22:38,644 DEBUG [root]: failed to find '.ui-icon-circle-triangle-s' in html and js files
2024-06-17 04:22:38,652 DEBUG [root]: failed to find '.ui-icon-circle-triangle-w' in html and js files
2024-06-17 04:22:38,659 DEBUG [root]: failed to find '.ui-icon-circle-triangle-n' in html and js files
2024-06-17 04:22:38,666 DEBUG [root]: failed to find '.ui-icon-circle-arrow-e' in html and js files
2024-06-17 04:22:38,674 DEBUG [root]: failed to find '.ui-icon-circle-arrow-s' in html and js files
2024-06-17 04:22:38,681 DEBUG [root]: failed to find '.ui-icon-circle-arrow-w' in html and js files
2024-06-17 04:22:38,688 DEBUG [root]: failed to find '.ui-icon-circle-arrow-n' in html and js files
2024-06-17 04:22:38,695 DEBUG [root]: failed to find '.ui-icon-circle-zoomin' in html and js files
2024-06-17 04:22:38,701 DEBUG [root]: failed to find '.ui-icon-circle-zoomout' in html and js files
2024-06-17 04:22:38,708 DEBUG [root]: failed to find '.ui-icon-circle-check' in html and js files
2024-06-17 04:22:38,715 DEBUG [root]: failed to find '.ui-icon-circlesmall-plus' in html and js files
2024-06-17 04:22:38,722 DEBUG [root]: failed to find '.ui-icon-circlesmall-minus' in html and js files
2024-06-17 04:22:38,728 DEBUG [root]: failed to find '.ui-icon-circlesmall-close' in html and js files
2024-06-17 04:22:38,735 DEBUG [root]: failed to find '.ui-icon-squaresmall-plus' in html and js files
2024-06-17 04:22:38,741 DEBUG [root]: failed to find '.ui-icon-squaresmall-minus' in html and js files
2024-06-17 04:22:38,747 DEBUG [root]: failed to find '.ui-icon-squaresmall-close' in html and js files
2024-06-17 04:22:38,754 DEBUG [root]: failed to find '.ui-icon-grip-dotted-vertical' in html and js files
2024-06-17 04:22:38,760 DEBUG [root]: failed to find '.ui-icon-grip-dotted-horizontal' in html and js files
2024-06-17 04:22:38,766 DEBUG [root]: failed to find '.ui-icon-grip-solid-vertical' in html and js files
2024-06-17 04:22:38,773 DEBUG [root]: failed to find '.ui-icon-grip-solid-horizontal' in html and js files
2024-06-17 04:22:38,779 DEBUG [root]: failed to find '.ui-icon-gripsmall-diagonal-se' in html and js files
2024-06-17 04:22:38,785 DEBUG [root]: failed to find '.ui-icon-grip-diagonal-se' in html and js files
2024-06-17 04:22:38,792 DEBUG [root]: failed to find '.ui-corner-all' in html and js files
2024-06-17 04:22:38,799 DEBUG [root]: failed to find '.ui-corner-top' in html and js files
2024-06-17 04:22:38,806 DEBUG [root]: failed to find '.ui-corner-left' in html and js files
2024-06-17 04:22:38,815 DEBUG [root]: failed to find '.ui-corner-tl' in html and js files
2024-06-17 04:22:38,824 DEBUG [root]: failed to find '.ui-corner-all' in html and js files
2024-06-17 04:22:38,832 DEBUG [root]: failed to find '.ui-corner-top' in html and js files
2024-06-17 04:22:38,840 DEBUG [root]: failed to find '.ui-corner-right' in html and js files
2024-06-17 04:22:38,848 DEBUG [root]: failed to find '.ui-corner-tr' in html and js files
2024-06-17 04:22:38,857 DEBUG [root]: failed to find '.ui-corner-all' in html and js files
2024-06-17 04:22:38,864 DEBUG [root]: failed to find '.ui-corner-bottom' in html and js files
2024-06-17 04:22:38,872 DEBUG [root]: failed to find '.ui-corner-left' in html and js files
2024-06-17 04:22:38,880 DEBUG [root]: failed to find '.ui-corner-bl' in html and js files
2024-06-17 04:22:38,888 DEBUG [root]: failed to find '.ui-corner-all' in html and js files
2024-06-17 04:22:38,896 DEBUG [root]: failed to find '.ui-corner-bottom' in html and js files
2024-06-17 04:22:38,903 DEBUG [root]: failed to find '.ui-corner-right' in html and js files
2024-06-17 04:22:38,911 DEBUG [root]: failed to find '.ui-corner-br' in html and js files
2024-06-17 04:22:38,919 DEBUG [root]: failed to find '.ui-widget-overlay' in html and js files
2024-06-17 04:22:38,926 DEBUG [root]: failed to find '.ui-widget-shadow' in html and js files
2024-06-17 04:22:38,955 INFO [root]: removed 510 of 697 css rules
2024-06-17 04:22:39,010 DEBUG [root]: found "15" js file(s)
2024-06-17 04:22:39,061 DEBUG [root]: ignored '../public/jquery/jquery-ui.min.js' -> already minified
2024-06-17 04:22:39,072 DEBUG [root]: ignored '../public/jquery/jszip/dist/jszip.min.js' -> already minified
2024-06-17 04:22:39,140 DEBUG [root]: ignored '../public/jquery/jszip-utils/dist/jszip-utils-ie.min.js' -> already minified
2024-06-17 04:22:39,181 DEBUG [root]: ignored '../public/jquery/jszip-utils/dist/jszip-utils.min.js' -> already minified
2024-06-17 04:22:39,382 DEBUG [root]: found "5" css file(s)
2024-06-17 04:22:39,383 DEBUG [root]: ignored '../public/jquery/jquery-ui.structure.min.css' -> already minified
2024-06-17 04:22:39,384 DEBUG [root]: ignored '../public/jquery/jquery-ui.min.css' -> already minified
